01-25 21:02:18 com_github_MitjaNemec_Archive3DModels.action_archive_3d_models 220:Plugin executed on: 'linux'
01-25 21:02:18 com_github_MitjaNemec_Archive3DModels.action_archive_3d_models 221:Plugin executed with python version: '3.10.9 (main, Dec 19 2022, 17:35:49) [GCC 12.2.0]'
01-25 21:02:18 com_github_MitjaNemec_Archive3DModels.action_archive_3d_models 222:KiCad build version: (6.0.10)
01-25 21:02:18 com_github_MitjaNemec_Archive3DModels.action_archive_3d_models 223:Plugin version: 1.0.5

01-25 21:02:18 com_github_MitjaNemec_Archive3DModels.action_archive_3d_models 228:Screen sizes: [wx.Size(1920, 1080), wx.Size(768, 1366)]
01-25 21:02:18 com_github_MitjaNemec_Archive3DModels.action_archive_3d_models 235:Dialog size: wx.Size(213, 81)
01-25 21:02:18 com_github_MitjaNemec_Archive3DModels.action_archive_3d_models 237:Char size: 19
01-25 21:02:27 com_github_MitjaNemec_Archive3DModels.archive_3d_models 13:Starting to archive 3D models
01-25 21:02:27 com_github_MitjaNemec_Archive3DModels.archive_3d_models 34:Getting 3D models for footprint of: R2
01-25 21:02:27 com_github_MitjaNemec_Archive3DModels.archive_3d_models 45:Trying to copy: /mnt/DAA829C1A8299CCF/EEE/S7/PROJ/COMPS/RST/30k/LIB_ERJ-PB6B3002V/ERJ-PB6B3002V/3D/ERJ-PB6B3002V.stp
01-25 21:02:27 com_github_MitjaNemec_Archive3DModels.archive_3d_models 105:Remapping: /mnt/DAA829C1A8299CCF/EEE/S7/PROJ/COMPS/RST/30k/LIB_ERJ-PB6B3002V/ERJ-PB6B3002V/3D/ERJ-PB6B3002V.stp
01-25 21:02:27 com_github_MitjaNemec_Archive3DModels.archive_3d_models 45:Trying to copy: ${KIPRJMOD}/packages3D/ERJ-PB6B3002V.stp
01-25 21:02:27 com_github_MitjaNemec_Archive3DModels.archive_3d_models 105:Remapping: ${KIPRJMOD}/packages3D/ERJ-PB6B3002V.stp
01-25 21:02:27 com_github_MitjaNemec_Archive3DModels.archive_3d_models 34:Getting 3D models for footprint of: L1
01-25 21:02:27 com_github_MitjaNemec_Archive3DModels.archive_3d_models 45:Trying to copy: /mnt/DAA829C1A8299CCF/EEE/S7/PROJ/COMPS/INDC/1uH/ul_IHHP0805ZHER1R0M01/2023-01-25_15-01-21/STEP/IND_IHHP-0805ZH-01_VIS.step
01-25 21:02:27 com_github_MitjaNemec_Archive3DModels.archive_3d_models 105:Remapping: /mnt/DAA829C1A8299CCF/EEE/S7/PROJ/COMPS/INDC/1uH/ul_IHHP0805ZHER1R0M01/2023-01-25_15-01-21/STEP/IND_IHHP-0805ZH-01_VIS.step
01-25 21:02:27 com_github_MitjaNemec_Archive3DModels.archive_3d_models 34:Getting 3D models for footprint of: J9
01-25 21:02:27 com_github_MitjaNemec_Archive3DModels.archive_3d_models 45:Trying to copy: ${KICAD6_3DMODEL_DIR}/TerminalBlock_MetzConnect.3dshapes/TerminalBlock_MetzConnect_360271_1x01_Horizontal_ScrewM3.0_Boxed.wrl
01-25 21:02:27 com_github_MitjaNemec_Archive3DModels.archive_3d_models 101:Did not copy: ${KICAD6_3DMODEL_DIR}/TerminalBlock_MetzConnect.3dshapes/TerminalBlock_MetzConnect_360271_1x01_Horizontal_ScrewM3.0_Boxed.wrl
01-25 21:02:27 com_github_MitjaNemec_Archive3DModels.archive_3d_models 105:Remapping: ${KICAD6_3DMODEL_DIR}/TerminalBlock_MetzConnect.3dshapes/TerminalBlock_MetzConnect_360271_1x01_Horizontal_ScrewM3.0_Boxed.wrl
01-25 21:02:27 com_github_MitjaNemec_Archive3DModels.archive_3d_models 34:Getting 3D models for footprint of: J8
01-25 21:02:27 com_github_MitjaNemec_Archive3DModels.archive_3d_models 45:Trying to copy: ${KICAD6_3DMODEL_DIR}/TerminalBlock_MetzConnect.3dshapes/TerminalBlock_MetzConnect_360271_1x01_Horizontal_ScrewM3.0_Boxed.wrl
01-25 21:02:27 com_github_MitjaNemec_Archive3DModels.archive_3d_models 101:Did not copy: ${KICAD6_3DMODEL_DIR}/TerminalBlock_MetzConnect.3dshapes/TerminalBlock_MetzConnect_360271_1x01_Horizontal_ScrewM3.0_Boxed.wrl
01-25 21:02:27 com_github_MitjaNemec_Archive3DModels.archive_3d_models 105:Remapping: ${KICAD6_3DMODEL_DIR}/TerminalBlock_MetzConnect.3dshapes/TerminalBlock_MetzConnect_360271_1x01_Horizontal_ScrewM3.0_Boxed.wrl
01-25 21:02:27 com_github_MitjaNemec_Archive3DModels.archive_3d_models 34:Getting 3D models for footprint of: J7
01-25 21:02:27 com_github_MitjaNemec_Archive3DModels.archive_3d_models 45:Trying to copy: ${KICAD6_3DMODEL_DIR}/TerminalBlock_MetzConnect.3dshapes/TerminalBlock_MetzConnect_360271_1x01_Horizontal_ScrewM3.0_Boxed.wrl
01-25 21:02:27 com_github_MitjaNemec_Archive3DModels.archive_3d_models 101:Did not copy: ${KICAD6_3DMODEL_DIR}/TerminalBlock_MetzConnect.3dshapes/TerminalBlock_MetzConnect_360271_1x01_Horizontal_ScrewM3.0_Boxed.wrl
01-25 21:02:27 com_github_MitjaNemec_Archive3DModels.archive_3d_models 105:Remapping: ${KICAD6_3DMODEL_DIR}/TerminalBlock_MetzConnect.3dshapes/TerminalBlock_MetzConnect_360271_1x01_Horizontal_ScrewM3.0_Boxed.wrl
01-25 21:02:27 com_github_MitjaNemec_Archive3DModels.archive_3d_models 34:Getting 3D models for footprint of: J6
01-25 21:02:27 com_github_MitjaNemec_Archive3DModels.archive_3d_models 45:Trying to copy: ${KICAD6_3DMODEL_DIR}/TerminalBlock_MetzConnect.3dshapes/TerminalBlock_MetzConnect_360271_1x01_Horizontal_ScrewM3.0_Boxed.wrl
01-25 21:02:27 com_github_MitjaNemec_Archive3DModels.archive_3d_models 101:Did not copy: ${KICAD6_3DMODEL_DIR}/TerminalBlock_MetzConnect.3dshapes/TerminalBlock_MetzConnect_360271_1x01_Horizontal_ScrewM3.0_Boxed.wrl
01-25 21:02:27 com_github_MitjaNemec_Archive3DModels.archive_3d_models 105:Remapping: ${KICAD6_3DMODEL_DIR}/TerminalBlock_MetzConnect.3dshapes/TerminalBlock_MetzConnect_360271_1x01_Horizontal_ScrewM3.0_Boxed.wrl
01-25 21:02:27 com_github_MitjaNemec_Archive3DModels.archive_3d_models 34:Getting 3D models for footprint of: J5
01-25 21:02:27 com_github_MitjaNemec_Archive3DModels.archive_3d_models 45:Trying to copy: ${KICAD6_3DMODEL_DIR}/TerminalBlock_MetzConnect.3dshapes/TerminalBlock_MetzConnect_360271_1x01_Horizontal_ScrewM3.0_Boxed.wrl
01-25 21:02:27 com_github_MitjaNemec_Archive3DModels.archive_3d_models 101:Did not copy: ${KICAD6_3DMODEL_DIR}/TerminalBlock_MetzConnect.3dshapes/TerminalBlock_MetzConnect_360271_1x01_Horizontal_ScrewM3.0_Boxed.wrl
01-25 21:02:27 com_github_MitjaNemec_Archive3DModels.archive_3d_models 105:Remapping: ${KICAD6_3DMODEL_DIR}/TerminalBlock_MetzConnect.3dshapes/TerminalBlock_MetzConnect_360271_1x01_Horizontal_ScrewM3.0_Boxed.wrl
01-25 21:02:27 com_github_MitjaNemec_Archive3DModels.archive_3d_models 34:Getting 3D models for footprint of: J4
01-25 21:02:27 com_github_MitjaNemec_Archive3DModels.archive_3d_models 45:Trying to copy: ${KICAD6_3DMODEL_DIR}/Connector_PinHeader_1.00mm.3dshapes/PinHeader_1x01_P1.00mm_Vertical.wrl
01-25 21:02:27 com_github_MitjaNemec_Archive3DModels.archive_3d_models 105:Remapping: ${KICAD6_3DMODEL_DIR}/Connector_PinHeader_1.00mm.3dshapes/PinHeader_1x01_P1.00mm_Vertical.wrl
01-25 21:02:27 com_github_MitjaNemec_Archive3DModels.archive_3d_models 34:Getting 3D models for footprint of: J3
01-25 21:02:27 com_github_MitjaNemec_Archive3DModels.archive_3d_models 45:Trying to copy: ${KICAD6_3DMODEL_DIR}/TerminalBlock_MetzConnect.3dshapes/TerminalBlock_MetzConnect_360271_1x01_Horizontal_ScrewM3.0_Boxed.wrl
01-25 21:02:27 com_github_MitjaNemec_Archive3DModels.archive_3d_models 101:Did not copy: ${KICAD6_3DMODEL_DIR}/TerminalBlock_MetzConnect.3dshapes/TerminalBlock_MetzConnect_360271_1x01_Horizontal_ScrewM3.0_Boxed.wrl
01-25 21:02:27 com_github_MitjaNemec_Archive3DModels.archive_3d_models 105:Remapping: ${KICAD6_3DMODEL_DIR}/TerminalBlock_MetzConnect.3dshapes/TerminalBlock_MetzConnect_360271_1x01_Horizontal_ScrewM3.0_Boxed.wrl
01-25 21:02:27 com_github_MitjaNemec_Archive3DModels.archive_3d_models 34:Getting 3D models for footprint of: J2
01-25 21:02:27 com_github_MitjaNemec_Archive3DModels.archive_3d_models 45:Trying to copy: ${KICAD6_3DMODEL_DIR}/TerminalBlock_MetzConnect.3dshapes/TerminalBlock_MetzConnect_360271_1x01_Horizontal_ScrewM3.0_Boxed.wrl
01-25 21:02:27 com_github_MitjaNemec_Archive3DModels.archive_3d_models 101:Did not copy: ${KICAD6_3DMODEL_DIR}/TerminalBlock_MetzConnect.3dshapes/TerminalBlock_MetzConnect_360271_1x01_Horizontal_ScrewM3.0_Boxed.wrl
01-25 21:02:27 com_github_MitjaNemec_Archive3DModels.archive_3d_models 105:Remapping: ${KICAD6_3DMODEL_DIR}/TerminalBlock_MetzConnect.3dshapes/TerminalBlock_MetzConnect_360271_1x01_Horizontal_ScrewM3.0_Boxed.wrl
01-25 21:02:27 com_github_MitjaNemec_Archive3DModels.archive_3d_models 34:Getting 3D models for footprint of: J1
01-25 21:02:27 com_github_MitjaNemec_Archive3DModels.archive_3d_models 45:Trying to copy: ${KICAD6_3DMODEL_DIR}/TerminalBlock_MetzConnect.3dshapes/TerminalBlock_MetzConnect_360271_1x01_Horizontal_ScrewM3.0_Boxed.wrl
01-25 21:02:27 com_github_MitjaNemec_Archive3DModels.archive_3d_models 101:Did not copy: ${KICAD6_3DMODEL_DIR}/TerminalBlock_MetzConnect.3dshapes/TerminalBlock_MetzConnect_360271_1x01_Horizontal_ScrewM3.0_Boxed.wrl
01-25 21:02:27 com_github_MitjaNemec_Archive3DModels.archive_3d_models 105:Remapping: ${KICAD6_3DMODEL_DIR}/TerminalBlock_MetzConnect.3dshapes/TerminalBlock_MetzConnect_360271_1x01_Horizontal_ScrewM3.0_Boxed.wrl
01-25 21:02:27 com_github_MitjaNemec_Archive3DModels.archive_3d_models 34:Getting 3D models for footprint of: IC2
01-25 21:02:27 com_github_MitjaNemec_Archive3DModels.archive_3d_models 45:Trying to copy: /mnt/DAA829C1A8299CCF/EEE/S7/PROJ/COMPS/CHA/BQ25302RTER/3D/BQ25302RTER.stp
01-25 21:02:27 com_github_MitjaNemec_Archive3DModels.archive_3d_models 105:Remapping: /mnt/DAA829C1A8299CCF/EEE/S7/PROJ/COMPS/CHA/BQ25302RTER/3D/BQ25302RTER.stp
01-25 21:02:27 com_github_MitjaNemec_Archive3DModels.archive_3d_models 45:Trying to copy: ${KIPRJMOD}/packages3D/BQ25302RTER.stp
01-25 21:02:27 com_github_MitjaNemec_Archive3DModels.archive_3d_models 105:Remapping: ${KIPRJMOD}/packages3D/BQ25302RTER.stp
01-25 21:02:27 com_github_MitjaNemec_Archive3DModels.archive_3d_models 34:Getting 3D models for footprint of: IC1
01-25 21:02:27 com_github_MitjaNemec_Archive3DModels.archive_3d_models 45:Trying to copy: /mnt/DAA829C1A8299CCF/EEE/S7/PROJ/COMPS/PFET/LIB_SI3483DDV-T1-BE3/SI3483DDV-T1-BE3/3D/SI3483DDV-T1-BE3.stp
01-25 21:02:27 com_github_MitjaNemec_Archive3DModels.archive_3d_models 105:Remapping: /mnt/DAA829C1A8299CCF/EEE/S7/PROJ/COMPS/PFET/LIB_SI3483DDV-T1-BE3/SI3483DDV-T1-BE3/3D/SI3483DDV-T1-BE3.stp
01-25 21:02:27 com_github_MitjaNemec_Archive3DModels.archive_3d_models 45:Trying to copy: ${KIPRJMOD}/packages3D/SI3483DDV-T1-BE3.stp
01-25 21:02:27 com_github_MitjaNemec_Archive3DModels.archive_3d_models 105:Remapping: ${KIPRJMOD}/packages3D/SI3483DDV-T1-BE3.stp
01-25 21:02:27 com_github_MitjaNemec_Archive3DModels.archive_3d_models 34:Getting 3D models for footprint of: D2
01-25 21:02:27 com_github_MitjaNemec_Archive3DModels.archive_3d_models 45:Trying to copy: /mnt/DAA829C1A8299CCF/EEE/S7/PROJ/COMPS/Schottky/LIB_RBR3L40ADDTE25/RBR3L40ADDTE25/3D/RBR3L40ADDTE25.stp
01-25 21:02:27 com_github_MitjaNemec_Archive3DModels.archive_3d_models 105:Remapping: /mnt/DAA829C1A8299CCF/EEE/S7/PROJ/COMPS/Schottky/LIB_RBR3L40ADDTE25/RBR3L40ADDTE25/3D/RBR3L40ADDTE25.stp
01-25 21:02:27 com_github_MitjaNemec_Archive3DModels.archive_3d_models 45:Trying to copy: ${KIPRJMOD}/packages3D/RBR3L40ADDTE25.stp
01-25 21:02:27 com_github_MitjaNemec_Archive3DModels.archive_3d_models 105:Remapping: ${KIPRJMOD}/packages3D/RBR3L40ADDTE25.stp
01-25 21:02:27 com_github_MitjaNemec_Archive3DModels.archive_3d_models 34:Getting 3D models for footprint of: C5
01-25 21:02:27 com_github_MitjaNemec_Archive3DModels.archive_3d_models 45:Trying to copy: /mnt/DAA829C1A8299CCF/EEE/S7/PROJ/COMPS/CAP/10u MLCC/LIB_0805YC106KAT2A/0805YC106KAT2A/3D/0805YC106KAT2A.stp
01-25 21:02:27 com_github_MitjaNemec_Archive3DModels.archive_3d_models 105:Remapping: /mnt/DAA829C1A8299CCF/EEE/S7/PROJ/COMPS/CAP/10u MLCC/LIB_0805YC106KAT2A/0805YC106KAT2A/3D/0805YC106KAT2A.stp
01-25 21:02:27 com_github_MitjaNemec_Archive3DModels.archive_3d_models 45:Trying to copy: ${KIPRJMOD}/packages3D/0805YC106KAT2A.stp
01-25 21:02:27 com_github_MitjaNemec_Archive3DModels.archive_3d_models 105:Remapping: ${KIPRJMOD}/packages3D/0805YC106KAT2A.stp
01-25 21:02:27 com_github_MitjaNemec_Archive3DModels.archive_3d_models 34:Getting 3D models for footprint of: C4
01-25 21:02:27 com_github_MitjaNemec_Archive3DModels.archive_3d_models 45:Trying to copy: /mnt/DAA829C1A8299CCF/EEE/S7/PROJ/COMPS/CAP/47nF/LIB_C1005X8R1C473M050BB/C1005X8R1C473M050BB/3D/C1005X8R1C473M050BB.stp
01-25 21:02:27 com_github_MitjaNemec_Archive3DModels.archive_3d_models 105:Remapping: /mnt/DAA829C1A8299CCF/EEE/S7/PROJ/COMPS/CAP/47nF/LIB_C1005X8R1C473M050BB/C1005X8R1C473M050BB/3D/C1005X8R1C473M050BB.stp
01-25 21:02:27 com_github_MitjaNemec_Archive3DModels.archive_3d_models 45:Trying to copy: ${KIPRJMOD}/packages3D/C1005X8R1C473M050BB.stp
01-25 21:02:27 com_github_MitjaNemec_Archive3DModels.archive_3d_models 105:Remapping: ${KIPRJMOD}/packages3D/C1005X8R1C473M050BB.stp
01-25 21:02:27 com_github_MitjaNemec_Archive3DModels.archive_3d_models 34:Getting 3D models for footprint of: C3
01-25 21:02:27 com_github_MitjaNemec_Archive3DModels.archive_3d_models 45:Trying to copy: /mnt/DAA829C1A8299CCF/EEE/S7/PROJ/COMPS/CAP/10u MLCC/LIB_0805YC106KAT2A/0805YC106KAT2A/3D/0805YC106KAT2A.stp
01-25 21:02:27 com_github_MitjaNemec_Archive3DModels.archive_3d_models 105:Remapping: /mnt/DAA829C1A8299CCF/EEE/S7/PROJ/COMPS/CAP/10u MLCC/LIB_0805YC106KAT2A/0805YC106KAT2A/3D/0805YC106KAT2A.stp
01-25 21:02:27 com_github_MitjaNemec_Archive3DModels.archive_3d_models 45:Trying to copy: ${KIPRJMOD}/packages3D/0805YC106KAT2A.stp
01-25 21:02:27 com_github_MitjaNemec_Archive3DModels.archive_3d_models 105:Remapping: ${KIPRJMOD}/packages3D/0805YC106KAT2A.stp
01-25 21:02:27 com_github_MitjaNemec_Archive3DModels.archive_3d_models 34:Getting 3D models for footprint of: C2
01-25 21:02:27 com_github_MitjaNemec_Archive3DModels.archive_3d_models 45:Trying to copy: /mnt/DAA829C1A8299CCF/EEE/S7/PROJ/COMPS/CAP/2.2u/LIB_CL03A225KP3CRNC/CL03A225KP3CRNC/3D/CL03A225KP3CRNC.stp
01-25 21:02:27 com_github_MitjaNemec_Archive3DModels.archive_3d_models 105:Remapping: /mnt/DAA829C1A8299CCF/EEE/S7/PROJ/COMPS/CAP/2.2u/LIB_CL03A225KP3CRNC/CL03A225KP3CRNC/3D/CL03A225KP3CRNC.stp
01-25 21:02:27 com_github_MitjaNemec_Archive3DModels.archive_3d_models 45:Trying to copy: ${KIPRJMOD}/packages3D/CL03A225KP3CRNC.stp
01-25 21:02:27 com_github_MitjaNemec_Archive3DModels.archive_3d_models 105:Remapping: ${KIPRJMOD}/packages3D/CL03A225KP3CRNC.stp
01-25 21:02:27 com_github_MitjaNemec_Archive3DModels.archive_3d_models 34:Getting 3D models for footprint of: C1
01-25 21:02:27 com_github_MitjaNemec_Archive3DModels.archive_3d_models 45:Trying to copy: /mnt/DAA829C1A8299CCF/EEE/S7/PROJ/COMPS/CAP/2.2u/LIB_CL03A225KP3CRNC/CL03A225KP3CRNC/3D/CL03A225KP3CRNC.stp
01-25 21:02:27 com_github_MitjaNemec_Archive3DModels.archive_3d_models 105:Remapping: /mnt/DAA829C1A8299CCF/EEE/S7/PROJ/COMPS/CAP/2.2u/LIB_CL03A225KP3CRNC/CL03A225KP3CRNC/3D/CL03A225KP3CRNC.stp
01-25 21:02:27 com_github_MitjaNemec_Archive3DModels.archive_3d_models 45:Trying to copy: ${KIPRJMOD}/packages3D/CL03A225KP3CRNC.stp
01-25 21:02:27 com_github_MitjaNemec_Archive3DModels.archive_3d_models 105:Remapping: ${KIPRJMOD}/packages3D/CL03A225KP3CRNC.stp
01-25 21:02:27 com_github_MitjaNemec_Archive3DModels.archive_3d_models 116:Did not succeed to copy 3D models!
('J9', '${KICAD6_3DMODEL_DIR}/TerminalBlock_MetzConnect.3dshapes/TerminalBlock_MetzConnect_360271_1x01_Horizontal_ScrewM3.0_Boxed.wrl')
('J8', '${KICAD6_3DMODEL_DIR}/TerminalBlock_MetzConnect.3dshapes/TerminalBlock_MetzConnect_360271_1x01_Horizontal_ScrewM3.0_Boxed.wrl')
('J7', '${KICAD6_3DMODEL_DIR}/TerminalBlock_MetzConnect.3dshapes/TerminalBlock_MetzConnect_360271_1x01_Horizontal_ScrewM3.0_Boxed.wrl')
('J6', '${KICAD6_3DMODEL_DIR}/TerminalBlock_MetzConnect.3dshapes/TerminalBlock_MetzConnect_360271_1x01_Horizontal_ScrewM3.0_Boxed.wrl')
('J5', '${KICAD6_3DMODEL_DIR}/TerminalBlock_MetzConnect.3dshapes/TerminalBlock_MetzConnect_360271_1x01_Horizontal_ScrewM3.0_Boxed.wrl')
('J3', '${KICAD6_3DMODEL_DIR}/TerminalBlock_MetzConnect.3dshapes/TerminalBlock_MetzConnect_360271_1x01_Horizontal_ScrewM3.0_Boxed.wrl')
('J2', '${KICAD6_3DMODEL_DIR}/TerminalBlock_MetzConnect.3dshapes/TerminalBlock_MetzConnect_360271_1x01_Horizontal_ScrewM3.0_Boxed.wrl')
('J1', '${KICAD6_3DMODEL_DIR}/TerminalBlock_MetzConnect.3dshapes/TerminalBlock_MetzConnect_360271_1x01_Horizontal_ScrewM3.0_Boxed.wrl')
